<?xml version="1.0" encoding="UTF-8"?>
<testng-results ignored="0" total="1" passed="1" failed="0" skipped="0">
  <reporter-output>
  </reporter-output>
  <suite started-at="2024-07-07T09:59:29Z" name="Suite" finished-at="2024-07-07T09:59:57Z" duration-ms="27548">
    <groups>
      <group name="cucumber">
        <method signature="AbstractTestNGCucumberTests.runScenario(cucumber.api.testng.PickleEventWrapper, cucumber.api.testng.CucumberFeatureWrapper)[pri:0, instance:runner.TC01_LoginPage@3315d2d7]" name="runScenario" class="cucumber.api.testng.AbstractTestNGCucumberTests"/>
      </group> <!-- cucumber -->
    </groups>
    <test started-at="2024-07-07T09:59:29Z" name="Test" finished-at="2024-07-07T09:59:57Z" duration-ms="27548">
      <class name="runner.TC01_LoginPage">
        <test-method is-config="true" signature="startReport()[pri:0, instance:runner.TC01_LoginPage@3315d2d7]" started-at="2024-07-07T09:59:29Z" name="startReport" finished-at="2024-07-07T09:59:29Z" duration-ms="417" status="PASS">
          <reporter-output>
          </reporter-output>
        </test-method> <!-- startReport -->
        <test-method is-config="true" signature="setData()[pri:0, instance:runner.TC01_LoginPage@3315d2d7]" started-at="2024-07-07T09:59:29Z" name="setData" finished-at="2024-07-07T09:59:29Z" duration-ms="0" status="PASS">
          <reporter-output>
          </reporter-output>
        </test-method> <!-- setData -->
        <test-method is-config="true" signature="setUpClass()[pri:0, instance:runner.TC01_LoginPage@3315d2d7]" started-at="2024-07-07T09:59:29Z" name="setUpClass" finished-at="2024-07-07T09:59:30Z" duration-ms="223" status="PASS">
          <reporter-output>
          </reporter-output>
        </test-method> <!-- setUpClass -->
        <test-method is-config="true" signature="report()[pri:0, instance:runner.TC01_LoginPage@3315d2d7]" started-at="2024-07-07T09:59:30Z" name="report" finished-at="2024-07-07T09:59:30Z" duration-ms="16" status="PASS">
          <reporter-output>
          </reporter-output>
        </test-method> <!-- report -->
        <test-method is-config="true" signature="LaunchApp()[pri:0, instance:runner.TC01_LoginPage@3315d2d7]" started-at="2024-07-07T09:59:30Z" name="LaunchApp" finished-at="2024-07-07T09:59:52Z" duration-ms="22601" status="PASS">
          <reporter-output>
          </reporter-output>
        </test-method> <!-- LaunchApp -->
        <test-method signature="runScenario(cucumber.api.testng.PickleEventWrapper, cucumber.api.testng.CucumberFeatureWrapper)[pri:0, instance:runner.TC01_LoginPage@3315d2d7]" started-at="2024-07-07T09:59:52Z" name="runScenario" description="Runs Cucumber Scenarios" data-provider="scenarios" finished-at="2024-07-07T09:59:56Z" duration-ms="3974" status="PASS">
          <params>
            <param index="0">
              <value>
                <![CDATA["TC01 Login Functionality"]]>
              </value>
            </param>
            <param index="1">
              <value>
                <![CDATA["Orange HRM Application Login"]]>
              </value>
            </param>
          </params>
          <reporter-output>
          </reporter-output>
        </test-method> <!-- runScenario -->
        <test-method is-config="true" signature="teardown()[pri:0, instance:runner.TC01_LoginPage@3315d2d7]" started-at="2024-07-07T09:59:56Z" name="teardown" finished-at="2024-07-07T09:59:57Z" duration-ms="582" status="PASS">
          <reporter-output>
          </reporter-output>
        </test-method> <!-- teardown -->
        <test-method is-config="true" signature="tearDownClass()[pri:0, instance:runner.TC01_LoginPage@3315d2d7]" started-at="2024-07-07T09:59:57Z" name="tearDownClass" finished-at="2024-07-07T09:59:57Z" duration-ms="11" status="PASS">
          <reporter-output>
          </reporter-output>
        </test-method> <!-- tearDownClass -->
        <test-method is-config="true" signature="stopReport()[pri:0, instance:runner.TC01_LoginPage@3315d2d7]" started-at="2024-07-07T09:59:57Z" name="stopReport" finished-at="2024-07-07T09:59:58Z" duration-ms="736" status="PASS">
          <reporter-output>
          </reporter-output>
        </test-method> <!-- stopReport -->
      </class> <!-- runner.TC01_LoginPage -->
    </test> <!-- Test -->
  </suite> <!-- Suite -->
</testng-results>
